2024-04-07 21:09:37,973 [INFO] Activator:176 - 


2024-04-07 21:09:37,978 [INFO] Activator:177 - !SESSION log4j initialized
2024-04-07 21:09:43,397 [INFO] LogOutputStream:77 - [STDOUT_REDIRECT] 
2024-04-07 21:09:47,223 [INFO] ApplicationProperties:184 - Using Application install path: C:\ST\STM32CubeIDE_1.14.1\STM32CubeIDE\plugins\com.st.stm32cube.common.mx_6.10.0.202311202037
2024-04-07 21:09:47,254 [INFO] DbMcusXml:78 - Set database path to: C:\ST\STM32CubeIDE_1.14.1\STM32CubeIDE\plugins\com.st.stm32cube.common.mx_6.10.0.202311202037\\db\/mcu/
2024-04-07 21:09:47,255 [INFO] ApiDb:274 - Set plugin database path to: C:\ST\STM32CubeIDE_1.14.1\STM32CubeIDE\plugins\com.st.stm32cube.common.mx_6.10.0.202311202037\\db\/plugins/boardmanager/
2024-04-07 21:09:47,256 [WARN] ApiDb:259 - Overriding images path with different value:  => C:\ST\STM32CubeIDE_1.14.1\STM32CubeIDE\plugins\com.st.stm32cube.common.mx_6.10.0.202311202037\\db\/plugins/mcufinder/images/
2024-04-07 21:09:47,282 [INFO] ApiDb:250 - Set database path to: C:\Users\greatreyhan\.stmcufinder\plugins\mcufinder//mcu/
2024-04-07 21:09:47,284 [INFO] DbMcusAds:125 - Set database path to: C:\Users\greatreyhan\.stmcufinder\plugins\mcufinder//mcu/
2024-04-07 21:09:47,288 [INFO] CrossReferenceDbSqlite:203 - Set database path to: C:\Users\greatreyhan\.stmcufinder\plugins\mcufinder//mcu/cs/
2024-04-07 21:09:47,585 [INFO] RulesReader:64 - Compatibility file has been processed (297 Rules)
2024-04-07 21:09:47,746 [INFO] DbMcusXml:78 - Set database path to: C:\ST\STM32CubeIDE_1.14.1\STM32CubeIDE\plugins\com.st.stm32cube.common.mx_6.10.0.202311202037\\db\/mcu/
2024-04-07 21:09:47,746 [INFO] ApiDb:274 - Set plugin database path to: C:\ST\STM32CubeIDE_1.14.1\STM32CubeIDE\plugins\com.st.stm32cube.common.mx_6.10.0.202311202037\\db\/plugins/boardmanager/
2024-04-07 21:09:47,747 [INFO] ApiDb:261 - Set plugin images path to: C:\ST\STM32CubeIDE_1.14.1\STM32CubeIDE\plugins\com.st.stm32cube.common.mx_6.10.0.202311202037\\db\/plugins/mcufinder/images/
2024-04-07 21:09:47,748 [WARN] DbFile:41 - Overriding database path with different value: C:\Users\greatreyhan\.stmcufinder\plugins\mcufinder/ => C:\Users\greatreyhan\.stmcufinder\plugins\mcufinder
2024-04-07 21:09:47,748 [INFO] ApiDb:250 - Set database path to: C:\Users\greatreyhan\.stmcufinder\plugins\mcufinder//mcu/
2024-04-07 21:09:47,748 [WARN] DbFile:41 - Overriding database path with different value: C:\Users\greatreyhan\.stmcufinder\plugins\mcufinder/ => C:\Users\greatreyhan\.stmcufinder\plugins\mcufinder
2024-04-07 21:09:47,748 [INFO] DbMcusAds:125 - Set database path to: C:\Users\greatreyhan\.stmcufinder\plugins\mcufinder//mcu/
2024-04-07 21:09:47,748 [WARN] DbFile:41 - Overriding database path with different value: C:\Users\greatreyhan\.stmcufinder\plugins\mcufinder/ => C:\Users\greatreyhan\.stmcufinder\plugins\mcufinder
2024-04-07 21:09:47,748 [WARN] DbFile:41 - Overriding database path with different value: C:\Users\greatreyhan\.stmcufinder\plugins\mcufinder/ => C:\Users\greatreyhan\.stmcufinder\plugins\mcufinder
2024-04-07 21:09:47,748 [INFO] CrossReferenceDbSqlite:203 - Set database path to: C:\Users\greatreyhan\.stmcufinder\plugins\mcufinder//mcu/cs/
2024-04-07 21:09:47,875 [INFO] MainPanel:264 - HeapMemory: 268435456
2024-04-07 21:09:47,989 [INFO] DbMcusXml:78 - Set database path to: C:\ST\STM32CubeIDE_1.14.1\STM32CubeIDE\plugins\com.st.stm32cube.common.mx_6.10.0.202311202037\\db\/mcu/
2024-04-07 21:09:47,989 [INFO] ApiDb:274 - Set plugin database path to: C:\ST\STM32CubeIDE_1.14.1\STM32CubeIDE\plugins\com.st.stm32cube.common.mx_6.10.0.202311202037\\db\/plugins/boardmanager/
2024-04-07 21:09:47,989 [INFO] ApiDb:261 - Set plugin images path to: C:\ST\STM32CubeIDE_1.14.1\STM32CubeIDE\plugins\com.st.stm32cube.common.mx_6.10.0.202311202037\\db\/plugins/mcufinder/images/
2024-04-07 21:09:47,989 [WARN] DbFile:41 - Overriding database path with different value: C:\Users\greatreyhan\.stmcufinder\plugins\mcufinder/ => C:\Users\greatreyhan\.stmcufinder\plugins\mcufinder
2024-04-07 21:09:47,990 [INFO] ApiDb:250 - Set database path to: C:\Users\greatreyhan\.stmcufinder\plugins\mcufinder//mcu/
2024-04-07 21:09:47,990 [WARN] DbFile:41 - Overriding database path with different value: C:\Users\greatreyhan\.stmcufinder\plugins\mcufinder/ => C:\Users\greatreyhan\.stmcufinder\plugins\mcufinder
2024-04-07 21:09:47,990 [INFO] DbMcusAds:125 - Set database path to: C:\Users\greatreyhan\.stmcufinder\plugins\mcufinder//mcu/
2024-04-07 21:09:47,990 [WARN] DbFile:41 - Overriding database path with different value: C:\Users\greatreyhan\.stmcufinder\plugins\mcufinder/ => C:\Users\greatreyhan\.stmcufinder\plugins\mcufinder
2024-04-07 21:09:47,990 [WARN] DbFile:41 - Overriding database path with different value: C:\Users\greatreyhan\.stmcufinder\plugins\mcufinder/ => C:\Users\greatreyhan\.stmcufinder\plugins\mcufinder
2024-04-07 21:09:47,990 [INFO] CrossReferenceDbSqlite:203 - Set database path to: C:\Users\greatreyhan\.stmcufinder\plugins\mcufinder//mcu/cs/
2024-04-07 21:09:48,014 [INFO] ApplicationProperties:184 - Using Application install path: C:\ST\STM32CubeIDE_1.14.1\STM32CubeIDE\plugins\com.st.stm32cube.common.mx_6.10.0.202311202037
2024-04-07 21:09:48,016 [INFO] PluginManage:196 - Search for loadable plugins [exclusion list=, ]
2024-04-07 21:09:48,018 [INFO] PluginManage:310 - Check plugin analytics
2024-04-07 21:09:48,284 [INFO] AnalyticsPlugin:253 - Accepted Software Licenses: STM32CubeMX.6.9.0
2024-04-07 21:09:48,286 [INFO] AnalyticsPlugin:255 - Accepted CMSIS Pack Licenses: STMicroelectronics.X-CUBE-AI.8.1.0,STMicroelectronics.X-CUBE-AI.5.1.2
2024-04-07 21:09:48,286 [INFO] AnalyticsPlugin:257 - Accepted Firmware Licenses: FW.F4.1.27.0,FW.F4.1.28.0
2024-04-07 21:09:48,292 [INFO] PluginManage:359 - Loaded plugin analytics (category:tool,tabindex:-1)
2024-04-07 21:09:48,292 [INFO] PluginManage:310 - Check plugin cadmodel
2024-04-07 21:09:48,318 [INFO] CADModel:105 - Init CAD model plugin
2024-04-07 21:09:48,319 [INFO] PluginManage:359 - Loaded plugin cadmodel (category:power,tabindex:5)
2024-04-07 21:09:48,319 [INFO] PluginManage:310 - Check plugin clock
2024-04-07 21:09:48,355 [INFO] PluginManage:359 - Loaded plugin clock (category:base,tabindex:2)
2024-04-07 21:09:48,356 [INFO] PluginManage:310 - Check plugin ddr
2024-04-07 21:09:48,358 [INFO] PluginManage:359 - Loaded plugin ddr (category:tool,tabindex:6)
2024-04-07 21:09:48,359 [INFO] PluginManage:310 - Check plugin filemanager
2024-04-07 21:09:50,281 [INFO] PluginManage:359 - Loaded plugin filemanager (category:base,tabindex:10)
2024-04-07 21:09:50,282 [INFO] PluginManage:310 - Check plugin ipmanager
2024-04-07 21:09:50,294 [INFO] PluginManage:359 - Loaded plugin ipmanager (category:base,tabindex:5)
2024-04-07 21:09:50,295 [INFO] PluginManage:310 - Check plugin lpbam
2024-04-07 21:09:50,323 [INFO] PluginManage:359 - Loaded plugin lpbam (category:base,tabindex:0)
2024-04-07 21:09:50,323 [INFO] PluginManage:310 - Check plugin memorymap
2024-04-07 21:09:50,360 [INFO] PluginManage:359 - Loaded plugin memorymap (category:base,tabindex:4)
2024-04-07 21:09:50,360 [INFO] PluginManage:310 - Check plugin pinoutandconfiguration
2024-04-07 21:09:50,383 [INFO] PluginManage:359 - Loaded plugin pinoutandconfiguration (category:base,tabindex:1)
2024-04-07 21:09:50,383 [INFO] PluginManage:310 - Check plugin pinoutconfig
2024-04-07 21:09:50,498 [WARN] SupportedApi:132 - Cannot load RTOS API schema: s4s-elt-must-match.1: The content of 'definitions' must match (annotation?, (simpleType | complexType)?, (unique | key | keyref)*)). A problem was found starting at: attribute.
2024-04-07 21:09:50,670 [INFO] PluginManage:359 - Loaded plugin pinoutconfig (category:base,tabindex:0)
2024-04-07 21:09:50,671 [INFO] PluginManage:310 - Check plugin power
2024-04-07 21:09:50,695 [INFO] PluginManage:359 - Loaded plugin power (category:power,tabindex:4)
2024-04-07 21:09:50,695 [INFO] PluginManage:310 - Check plugin projectmanager
2024-04-07 21:09:50,716 [INFO] PluginManage:359 - Loaded plugin projectmanager (category:projectmanager,tabindex:3)
2024-04-07 21:09:50,716 [INFO] PluginManage:310 - Check plugin thirdparty
2024-04-07 21:09:51,068 [INFO] PluginManage:359 - Loaded plugin thirdparty (category:base,tabindex:-1)
2024-04-07 21:09:51,069 [INFO] PluginManage:310 - Check plugin tools
2024-04-07 21:09:51,069 [WARN] IntegrityCheckThread:84 - waiting for thirdparty lock release [integrity check]
2024-04-07 21:09:51,070 [INFO] IntegrityCheckThread:86 - entering critical section [integrity check]
2024-04-07 21:09:51,070 [INFO] ThirdPartyUpdaterWithRetryManager:70 - Updater plugin not ready yet. [1/15]
2024-04-07 21:09:51,110 [INFO] PluginManage:359 - Loaded plugin tools (category:base,tabindex:7)
2024-04-07 21:09:51,110 [INFO] PluginManage:310 - Check plugin tutovideos
2024-04-07 21:09:51,341 [INFO] PluginManage:359 - Loaded plugin tutovideos (category:base,tabindex:-1)
2024-04-07 21:09:51,342 [INFO] PluginManage:310 - Check plugin updater
2024-04-07 21:09:51,357 [INFO] PluginManage:359 - Loaded plugin updater (category:base,tabindex:12)
2024-04-07 21:09:51,357 [INFO] PluginManage:310 - Check plugin userauth
2024-04-07 21:09:51,366 [INFO] UserAuth:114 - Init User Auth plugin
2024-04-07 21:09:51,366 [INFO] PluginManage:359 - Loaded plugin userauth (category:base,tabindex:14)
2024-04-07 21:09:51,367 [INFO] PluginManage:283 - PluginManage : Loaded plugins [17]
2024-04-07 21:09:51,670 [INFO] PinOutPanel:1499 - setPackage(No Configuration,No Configuration)
2024-04-07 21:09:51,784 [INFO] CADModel:165 - CPN selected for project level
2024-04-07 21:09:51,785 [INFO] CADModel:114 - Register for checkConnection events
2024-04-07 21:09:51,821 [INFO] IPUIPlugin:80 - create IPUIPlugin
2024-04-07 21:09:51,822 [INFO] PluginManager:220 - loadIPPluginJar : add adc
2024-04-07 21:09:51,866 [INFO] IPUIPlugin:80 - create IPUIPlugin
2024-04-07 21:09:51,866 [INFO] PluginManager:220 - loadIPPluginJar : add aes
2024-04-07 21:09:51,923 [INFO] IPUIPlugin:80 - create IPUIPlugin
2024-04-07 21:09:51,923 [INFO] PluginManager:220 - loadIPPluginJar : add can
2024-04-07 21:09:51,953 [INFO] IPUIPlugin:80 - create IPUIPlugin
2024-04-07 21:09:51,953 [INFO] PluginManager:220 - loadIPPluginJar : add comp
2024-04-07 21:09:51,992 [INFO] IPUIPlugin:80 - create IPUIPlugin
2024-04-07 21:09:51,992 [INFO] PluginManager:220 - loadIPPluginJar : add cryp
2024-04-07 21:09:52,027 [INFO] IPUIPlugin:80 - create IPUIPlugin
2024-04-07 21:09:52,027 [INFO] PluginManager:220 - loadIPPluginJar : add dfsdm
2024-04-07 21:09:52,046 [INFO] IPUIPlugin:80 - create IPUIPlugin
2024-04-07 21:09:52,047 [INFO] PluginManager:220 - loadIPPluginJar : add dma
2024-04-07 21:09:52,104 [INFO] IPUIPlugin:80 - create IPUIPlugin
2024-04-07 21:09:52,104 [INFO] PluginManager:220 - loadIPPluginJar : add dma3
2024-04-07 21:09:52,128 [INFO] IPUIPlugin:80 - create IPUIPlugin
2024-04-07 21:09:52,129 [INFO] PluginManager:220 - loadIPPluginJar : add fatfs
2024-04-07 21:09:52,183 [INFO] IPUIPlugin:80 - create IPUIPlugin
2024-04-07 21:09:52,183 [INFO] PluginManager:220 - loadIPPluginJar : add fmc
2024-04-07 21:09:52,207 [INFO] IPUIPlugin:80 - create IPUIPlugin
2024-04-07 21:09:52,207 [INFO] PluginManager:220 - loadIPPluginJar : add freertos
2024-04-07 21:09:52,232 [INFO] IPUIPlugin:80 - create IPUIPlugin
2024-04-07 21:09:52,232 [INFO] PluginManager:220 - loadIPPluginJar : add genericplugin
2024-04-07 21:09:52,417 [INFO] IPUIPlugin:80 - create IPUIPlugin
2024-04-07 21:09:52,419 [INFO] PluginManager:220 - loadIPPluginJar : add gfxmmu
2024-04-07 21:09:52,684 [INFO] IPUIPlugin:80 - create IPUIPlugin
2024-04-07 21:09:52,684 [INFO] PluginManager:220 - loadIPPluginJar : add gic
2024-04-07 21:09:52,701 [INFO] IPUIPlugin:80 - create IPUIPlugin
2024-04-07 21:09:52,701 [INFO] PluginManager:220 - loadIPPluginJar : add gpio
2024-04-07 21:09:52,824 [INFO] IPUIPlugin:80 - create IPUIPlugin
2024-04-07 21:09:52,825 [INFO] PluginManager:220 - loadIPPluginJar : add gtzc
2024-04-07 21:09:52,867 [INFO] IPUIPlugin:80 - create IPUIPlugin
2024-04-07 21:09:52,867 [INFO] PluginManager:220 - loadIPPluginJar : add hash
2024-04-07 21:09:52,937 [INFO] IPUIPlugin:80 - create IPUIPlugin
2024-04-07 21:09:52,937 [INFO] PluginManager:220 - loadIPPluginJar : add i2c
2024-04-07 21:09:52,989 [INFO] IPUIPlugin:80 - create IPUIPlugin
2024-04-07 21:09:52,989 [INFO] PluginManager:220 - loadIPPluginJar : add i2s
2024-04-07 21:09:53,038 [INFO] IPUIPlugin:80 - create IPUIPlugin
2024-04-07 21:09:53,038 [INFO] PluginManager:220 - loadIPPluginJar : add i3c
2024-04-07 21:09:53,162 [INFO] IPUIPlugin:80 - create IPUIPlugin
2024-04-07 21:09:53,162 [INFO] PluginManager:220 - loadIPPluginJar : add ipddr
2024-04-07 21:09:53,272 [INFO] IPUIPlugin:80 - create IPUIPlugin
2024-04-07 21:09:53,273 [INFO] PluginManager:220 - loadIPPluginJar : add linkedlist
2024-04-07 21:09:53,318 [INFO] IPUIPlugin:80 - create IPUIPlugin
2024-04-07 21:09:53,318 [INFO] PluginManager:220 - loadIPPluginJar : add lorawan
2024-04-07 21:09:53,360 [INFO] IPUIPlugin:80 - create IPUIPlugin
2024-04-07 21:09:53,360 [INFO] PluginManager:220 - loadIPPluginJar : add ltdc
2024-04-07 21:09:53,381 [INFO] IPUIPlugin:80 - create IPUIPlugin
2024-04-07 21:09:53,381 [INFO] PluginManager:220 - loadIPPluginJar : add mdma
2024-04-07 21:09:53,395 [INFO] IPUIPlugin:80 - create IPUIPlugin
2024-04-07 21:09:53,396 [INFO] PluginManager:220 - loadIPPluginJar : add nvic
2024-04-07 21:09:53,436 [INFO] IPUIPlugin:80 - create IPUIPlugin
2024-04-07 21:09:53,437 [INFO] PluginManager:220 - loadIPPluginJar : add opamp
2024-04-07 21:09:53,512 [INFO] IPUIPlugin:80 - create IPUIPlugin
2024-04-07 21:09:53,512 [INFO] PluginManager:220 - loadIPPluginJar : add openamp
2024-04-07 21:09:53,564 [INFO] IPUIPlugin:80 - create IPUIPlugin
2024-04-07 21:09:53,565 [INFO] PluginManager:220 - loadIPPluginJar : add pdm2pcm
2024-04-07 21:09:53,584 [INFO] IPUIPlugin:80 - create IPUIPlugin
2024-04-07 21:09:53,587 [INFO] PluginManager:220 - loadIPPluginJar : add plateformsettings
2024-04-07 21:09:53,612 [INFO] IPUIPlugin:80 - create IPUIPlugin
2024-04-07 21:09:53,612 [INFO] PluginManager:220 - loadIPPluginJar : add quadspi
2024-04-07 21:09:53,626 [INFO] IPUIPlugin:80 - create IPUIPlugin
2024-04-07 21:09:53,626 [INFO] PluginManager:220 - loadIPPluginJar : add resmgrutility
2024-04-07 21:09:53,682 [INFO] IPUIPlugin:80 - create IPUIPlugin
2024-04-07 21:09:53,682 [INFO] PluginManager:220 - loadIPPluginJar : add sai
2024-04-07 21:09:53,728 [INFO] IPUIPlugin:80 - create IPUIPlugin
2024-04-07 21:09:53,728 [INFO] PluginManager:220 - loadIPPluginJar : add spi
2024-04-07 21:09:53,815 [INFO] IPUIPlugin:80 - create IPUIPlugin
2024-04-07 21:09:53,816 [INFO] PluginManager:220 - loadIPPluginJar : add stm32_wpan
2024-04-07 21:09:53,844 [INFO] IPUIPlugin:80 - create IPUIPlugin
2024-04-07 21:09:53,844 [INFO] PluginManager:220 - loadIPPluginJar : add tim
2024-04-07 21:09:53,918 [INFO] IPUIPlugin:80 - create IPUIPlugin
2024-04-07 21:09:53,918 [INFO] PluginManager:220 - loadIPPluginJar : add touchsensing
2024-04-07 21:09:53,944 [INFO] IPUIPlugin:80 - create IPUIPlugin
2024-04-07 21:09:53,944 [INFO] PluginManager:220 - loadIPPluginJar : add tracer_emb
2024-04-07 21:09:53,976 [INFO] IPUIPlugin:80 - create IPUIPlugin
2024-04-07 21:09:53,976 [INFO] PluginManager:220 - loadIPPluginJar : add ts
2024-04-07 21:09:54,007 [INFO] IPUIPlugin:80 - create IPUIPlugin
2024-04-07 21:09:54,007 [INFO] PluginManager:220 - loadIPPluginJar : add tsc
2024-04-07 21:09:54,038 [INFO] IPUIPlugin:80 - create IPUIPlugin
2024-04-07 21:09:54,038 [INFO] PluginManager:220 - loadIPPluginJar : add ucpd
2024-04-07 21:09:54,073 [INFO] ThirdPartyUpdaterWithRetryManager:70 - Updater plugin not ready yet. [2/15]
2024-04-07 21:09:54,092 [INFO] IPUIPlugin:80 - create IPUIPlugin
2024-04-07 21:09:54,092 [INFO] PluginManager:220 - loadIPPluginJar : add usart
2024-04-07 21:09:54,147 [INFO] IPUIPlugin:80 - create IPUIPlugin
2024-04-07 21:09:54,148 [INFO] PluginManager:220 - loadIPPluginJar : add usbx
2024-04-07 21:09:54,296 [INFO] CADModel:165 - CPN selected for project level
2024-04-07 21:09:54,297 [INFO] CADModel:114 - Register for checkConnection events
2024-04-07 21:09:54,297 [FATAL] Updater:308 - Updater called before beeing initialized
2024-04-07 21:09:54,297 [ERROR] CADModel:125 - Updater not yet initialized, retry later 
2024-04-07 21:09:54,470 [INFO] CADModel:165 - CPN selected for project level
2024-04-07 21:09:54,471 [INFO] CADModel:114 - Register for checkConnection events
2024-04-07 21:09:54,471 [FATAL] Updater:308 - Updater called before beeing initialized
2024-04-07 21:09:54,471 [ERROR] CADModel:125 - Updater not yet initialized, retry later 
2024-04-07 21:09:54,476 [FATAL] Updater:308 - Updater called before beeing initialized
2024-04-07 21:09:54,659 [FATAL] Updater:308 - Updater called before beeing initialized
2024-04-07 21:09:54,671 [INFO] DbMcusAds:53 - JSON generation date=Wed Nov 29 17:52:27 KRAT 2023 (1701255147349)
2024-04-07 21:09:54,672 [FATAL] Updater:308 - Updater called before beeing initialized
2024-04-07 21:09:54,787 [WARN] DetailPanel:346 - Failed to get advertising image, set to default
2024-04-07 21:09:54,899 [FATAL] Updater:308 - Updater called before beeing initialized
2024-04-07 21:09:54,904 [FATAL] Updater:308 - Updater called before beeing initialized
2024-04-07 21:09:54,904 [FATAL] Updater:308 - Updater called before beeing initialized
2024-04-07 21:09:54,904 [WARN] DetailPanel:346 - Failed to get advertising image, set to default
2024-04-07 21:09:54,905 [FATAL] Updater:308 - Updater called before beeing initialized
2024-04-07 21:09:54,989 [ERROR] Updater:1120 - MainUpdater not yet initialized. External WinMGr cannot be set.
2024-04-07 21:09:55,005 [INFO] Updater:1056 - Updater Version found : 6.10.0
2024-04-07 21:09:55,025 [INFO] ApplicationProperties:184 - Using Application install path: C:\ST\STM32CubeIDE_1.14.1\STM32CubeIDE\plugins\com.st.stm32cube.common.mx_6.10.0.202311202037
2024-04-07 21:09:55,140 [INFO] MainUpdater:526 - Copy updater definitions from MX database
2024-04-07 21:09:55,776 [INFO] MainUpdater:2873 - connection check result : 10
2024-04-07 21:09:55,777 [INFO] MainUpdater:3567 - Updater definition file requires update
2024-04-07 21:09:55,779 [INFO] MainUpdater:290 - Updater Check For Update Now.
2024-04-07 21:09:55,779 [INFO] MicroXplorer:498 - Change Database Version : DB.6.0.100
2024-04-07 21:09:55,802 [INFO] McuFinderGlobals:63 - Set McuFinder mode to 2 (CubeIDE integrated)
2024-04-07 21:09:56,277 [INFO] ServerAccessManage:473 - Download File updaters.zip
2024-04-07 21:09:56,360 [INFO] UserAuth:404 - Internet connection configuration mode: 1
2024-04-07 21:09:56,395 [INFO] JxBrowserEngine:152 - Initiate JxBrowser Engine with user profile folder
2024-04-07 21:09:56,524 [INFO] FileExtend:240 - Unzip File : updaters.zip
2024-04-07 21:09:56,524 [INFO] FileExtend:255 - Standard Zip Deflate
2024-04-07 21:09:57,074 [WARN] MainUpdater:1194 - Updater busy. Cannot search thirdparties
2024-04-07 21:09:57,075 [INFO] ThirdPartyUpdaterWithRetryManager:96 - Updater plugin is busy. [1/15]
2024-04-07 21:09:57,328 [INFO] ServerAccessManage:473 - Download File PacksControlFlags.xml
2024-04-07 21:09:57,793 [INFO] ServerAccessManage:473 - Download File cubemx.pidx
2024-04-07 21:09:57,951 [INFO] LoadServerUpdatesThread:375 - End of LoadServerUpdate Thread
2024-04-07 21:09:58,248 [INFO] CheckServerUpdateThread:120 - End of CheckServer Thread
2024-04-07 21:10:00,426 [WARN] PackLoader:240 - Cannot read IP mode file for STMicroelectronics.X-CUBE-SMBUS.2.1.0
2024-04-07 21:10:00,448 [WARN] PackLoader:240 - Cannot read IP mode file for STMicroelectronics.X-CUBE-TOUCHGFX.4.23.0
2024-04-07 21:10:00,460 [WARN] PackLoader:240 - Cannot read IP mode file for STMicroelectronics.X-CUBE-TOUCHGFX.4.23.2
2024-04-07 21:10:00,537 [WARN] PackLoader:240 - Cannot read IP mode file for STMicroelectronics.X-CUBE-AZRTOS-F7.1.1.0
2024-04-07 21:10:00,605 [WARN] PackLoader:240 - Cannot read IP mode file for STMicroelectronics.FP-SNS-MOTENV1.4.3.2
2024-04-07 21:10:00,638 [WARN] PackLoader:240 - Cannot read IP mode file for STMicroelectronics.X-CUBE-BLE1.6.2.4
2024-04-07 21:10:00,657 [WARN] PackLoader:240 - Cannot read IP mode file for STMicroelectronics.FP-SNS-FLIGHT1.5.0.2
2024-04-07 21:10:00,687 [WARN] PackLoader:240 - Cannot read IP mode file for STMicroelectronics.X-CUBE-DISPLAY.3.0.0
2024-04-07 21:10:00,716 [WARN] PackLoader:240 - Cannot read IP mode file for STMicroelectronics.X-CUBE-BLE1.7.0.0
2024-04-07 21:10:00,736 [WARN] PackLoader:240 - Cannot read IP mode file for emotas.I-CUBE-CANOPEN.1.3.0
2024-04-07 21:10:00,751 [WARN] PackLoader:240 - Cannot read IP mode file for STMicroelectronics.X-CUBE-TOUCHGFX.4.22.0
2024-04-07 21:10:00,776 [WARN] PackLoader:240 - Cannot read IP mode file for STMicroelectronics.X-CUBE-BLEMGR.3.1.0
2024-04-07 21:10:00,797 [WARN] PackLoader:240 - Cannot read IP mode file for STMicroelectronics.FP-SNS-SMARTAG2.1.2.0
2024-04-07 21:10:00,821 [INFO] LogOutputStream:77 - [STDOUT_REDIRECT] 1 : Invalid condition id : UX_CORESTACK_Condition cause : null
2024-04-07 21:10:00,822 [INFO] LogOutputStream:77 - [STDOUT_REDIRECT] 1 : Invalid condition id : UX_CORESTACK_Condition cause : null
2024-04-07 21:10:00,823 [INFO] LogOutputStream:77 - [STDOUT_REDIRECT] 1 : Invalid condition id : UX_CORESTACK_Condition cause : null
2024-04-07 21:10:00,825 [INFO] LogOutputStream:77 - [STDOUT_REDIRECT] 1 : Invalid condition id : UX_CORESTACK_Condition cause : null
2024-04-07 21:10:00,826 [INFO] LogOutputStream:77 - [STDOUT_REDIRECT] 1 : Invalid condition id : UX_CORESTACK_Condition cause : null
2024-04-07 21:10:00,831 [WARN] PackLoader:240 - Cannot read IP mode file for STMicroelectronics.X-CUBE-AZRTOS-WL.2.0.0
2024-04-07 21:10:00,849 [WARN] PackLoader:240 - Cannot read IP mode file for STMicroelectronics.FP-SNS-MOTENV1.5.0.0
2024-04-07 21:10:00,875 [WARN] PackLoader:240 - Cannot read IP mode file for WES.I-CUBE-Cesium.1.3.0
2024-04-07 21:10:00,891 [WARN] PackLoader:240 - Cannot read IP mode file for STMicroelectronics.X-CUBE-BLE2.3.3.0
2024-04-07 21:10:00,909 [WARN] PackLoader:240 - Cannot read IP mode file for STMicroelectronics.X-CUBE-ALGOBUILD.1.3.0
2024-04-07 21:10:00,949 [WARN] PackLoader:240 - Cannot read IP mode file for STMicroelectronics.X-CUBE-AZRTOS-G0.1.1.0
2024-04-07 21:10:00,974 [WARN] PackLoader:240 - Cannot read IP mode file for STMicroelectronics.X-CUBE-SAFEA1.1.2.2
2024-04-07 21:10:00,995 [WARN] PackLoader:240 - Cannot read IP mode file for STMicroelectronics.X-CUBE-NFC4.3.0.0
2024-04-07 21:10:01,027 [WARN] PackLoader:240 - Cannot read IP mode file for STMicroelectronics.X-CUBE-BLEMGR.3.0.0
2024-04-07 21:10:01,049 [WARN] PackLoader:240 - Cannot read IP mode file for STMicroelectronics.FP-ATR-SIGFOX1.3.2.0
2024-04-07 21:10:01,072 [WARN] PackLoader:240 - Cannot read IP mode file for STMicroelectronics.X-CUBE-EEPRMA1.5.1.0
2024-04-07 21:10:01,136 [WARN] PackLoader:240 - Cannot read IP mode file for SEGGER.I-CUBE-embOS.1.3.1
2024-04-07 21:10:01,219 [WARN] PackLoader:240 - Cannot read IP mode file for STMicroelectronics.X-CUBE-GNSS1.6.0.0
2024-04-07 21:10:01,284 [WARN] PackLoader:240 - Cannot read IP mode file for STMicroelectronics.X-CUBE-AZRTOS-F4.1.1.0
2024-04-07 21:10:01,321 [WARN] PackLoader:240 - Cannot read IP mode file for wolfSSL.I-CUBE-wolfSSL.5.6.3
2024-04-07 21:10:01,382 [WARN] PackLoader:240 - Cannot read IP mode file for STMicroelectronics.X-CUBE-AZRTOS-L5.2.0.0
2024-04-07 21:10:01,467 [WARN] PackLoader:240 - Cannot read IP mode file for STMicroelectronics.X-CUBE-MEMS1.9.6.0
2024-04-07 21:10:01,634 [WARN] PackLoader:240 - Cannot read IP mode file for STMicroelectronics.X-CUBE-EEPRMA1.4.2.0
2024-04-07 21:10:01,657 [WARN] PackLoader:240 - Cannot read IP mode file for STMicroelectronics.X-CUBE-NFC6.3.1.0
2024-04-07 21:10:01,679 [WARN] PackLoader:240 - Cannot read IP mode file for ITTIA_DB.I-CUBE-ITTIADB.8.8.0
2024-04-07 21:10:01,713 [WARN] PackLoader:240 - Cannot read IP mode file for STMicroelectronics.X-CUBE-BLEMGR.2.0.0
2024-04-07 21:10:01,766 [WARN] ConditionMgr:438 - getConditionDescription Invalid condition id : UX DEVICE CLASS RTOS Condition cause : null
2024-04-07 21:10:01,767 [WARN] ConditionMgr:438 - getConditionDescription Invalid condition id : UX DEVICE CLASS RTOS Condition cause : null
2024-04-07 21:10:01,771 [WARN] PackLoader:240 - Cannot read IP mode file for STMicroelectronics.X-CUBE-AZRTOS-H7.3.1.0
2024-04-07 21:10:01,773 [WARN] ConditionMgr:1039 - genDependencies : Invalid condition id : UX DEVICE CLASS RTOS Condition cause : null
2024-04-07 21:10:01,773 [WARN] ConditionMgr:1039 - genDependencies : Invalid condition id : UX DEVICE CLASS RTOS Condition cause : null
2024-04-07 21:10:01,774 [WARN] ConditionMgr:1039 - genDependencies : Invalid condition id : UX DEVICE CLASS RTOS Condition cause : null
2024-04-07 21:10:01,775 [WARN] ConditionMgr:1039 - genDependencies : Invalid condition id : UX DEVICE CLASS RTOS Condition cause : null
2024-04-07 21:10:01,775 [WARN] ConditionMgr:1039 - genDependencies : Invalid condition id : UX DEVICE CLASS RTOS Condition cause : null
2024-04-07 21:10:01,821 [WARN] PackLoader:240 - Cannot read IP mode file for STMicroelectronics.X-CUBE-AI.8.1.0
2024-04-07 21:10:01,916 [WARN] PackLoader:240 - Cannot read IP mode file for STMicroelectronics.X-CUBE-NFC7.1.0.1
2024-04-07 21:10:01,952 [WARN] PackLoader:240 - Cannot read IP mode file for STMicroelectronics.X-CUBE-NFC6.3.0.0
2024-04-07 21:10:01,972 [WARN] PackLoader:240 - Cannot read IP mode file for STMicroelectronics.X-CUBE-EEPRMA1.4.1.0
2024-04-07 21:10:02,006 [ERROR] Engine:466 - STMicroelectronics.X-CUBE-AI.8.1.0: Software pack already exists
2024-04-07 21:10:02,078 [WARN] ConditionMgr:438 - getConditionDescription Invalid condition id : LAN8742 Phy interface Condition cause : null
2024-04-07 21:10:02,079 [WARN] PackLoader:240 - Cannot read IP mode file for STMicroelectronics.X-CUBE-AZRTOS-L4.2.0.0
2024-04-07 21:10:02,081 [WARN] ConditionMgr:1039 - genDependencies : Invalid condition id : LAN8742 Phy interface Condition cause : null
2024-04-07 21:10:02,081 [WARN] ConditionMgr:1039 - genDependencies : Invalid condition id : LAN8742 Phy interface Condition cause : null
2024-04-07 21:10:02,082 [WARN] ConditionMgr:1039 - genDependencies : Invalid condition id : LAN8742 Phy interface Condition cause : null
2024-04-07 21:10:02,113 [WARN] PackLoader:240 - Cannot read IP mode file for STMicroelectronics.X-CUBE-SFXS2LP1.4.0.0
2024-04-07 21:10:02,565 [WARN] PackLoader:240 - Cannot read IP mode file for STMicroelectronics.X-CUBE-ISPU.1.1.0
2024-04-07 21:10:02,579 [INFO] WebApp:161 - Instantiating new browser for Auth
2024-04-07 21:10:02,732 [WARN] ConditionMgr:438 - getConditionDescription Invalid condition id : UX DEVICE CLASS RTOS Condition cause : null
2024-04-07 21:10:02,733 [WARN] ConditionMgr:438 - getConditionDescription Invalid condition id : UX DEVICE CLASS RTOS Condition cause : null
2024-04-07 21:10:02,735 [WARN] PackLoader:240 - Cannot read IP mode file for STMicroelectronics.X-CUBE-AZRTOS-WB.2.0.0
2024-04-07 21:10:02,736 [WARN] ConditionMgr:1039 - genDependencies : Invalid condition id : UX DEVICE CLASS RTOS Condition cause : null
2024-04-07 21:10:02,736 [WARN] ConditionMgr:1039 - genDependencies : Invalid condition id : UX DEVICE CLASS RTOS Condition cause : null
2024-04-07 21:10:02,737 [WARN] ConditionMgr:1039 - genDependencies : Invalid condition id : UX DEVICE CLASS RTOS Condition cause : null
2024-04-07 21:10:02,737 [WARN] ConditionMgr:1039 - genDependencies : Invalid condition id : UX DEVICE CLASS RTOS Condition cause : null
2024-04-07 21:10:02,737 [WARN] ConditionMgr:1039 - genDependencies : Invalid condition id : UX DEVICE CLASS RTOS Condition cause : null
2024-04-07 21:10:03,070 [WARN] PackLoader:240 - Cannot read IP mode file for STMicroelectronics.X-CUBE-FREERTOS.1.0.1
2024-04-07 21:10:03,243 [WARN] PackLoader:240 - Cannot read IP mode file for STMicroelectronics.X-CUBE-AZRTOS-L5.1.1.0
2024-04-07 21:10:03,500 [WARN] PackLoader:240 - Cannot read IP mode file for STMicroelectronics.X-CUBE-AI.8.0.1
2024-04-07 21:10:03,540 [WARN] PackLoader:240 - Cannot read IP mode file for STMicroelectronics.X-CUBE-SUBG2.5.0.0
2024-04-07 21:10:03,695 [WARN] PackLoader:240 - Cannot read IP mode file for STMicroelectronics.X-CUBE-TOF1.3.3.1
2024-04-07 21:10:03,780 [WARN] PackLoader:240 - Cannot read IP mode file for STMicroelectronics.X-CUBE-AZRTOS-G4.2.0.0
2024-04-07 21:10:04,115 [WARN] PackLoader:240 - Cannot read IP mode file for Infineon.AIROC-Wi-Fi-Bluetooth-STM32.1.5.1
2024-04-07 21:10:04,147 [WARN] PackLoader:240 - Cannot read IP mode file for STMicroelectronics.FP-SNS-MOTENVWB1.1.3.1
2024-04-07 21:10:04,168 [WARN] PackLoader:240 - Cannot read IP mode file for STMicroelectronics.X-CUBE-ISPU.2.0.0
2024-04-07 21:10:04,216 [WARN] PackLoader:240 - Cannot read IP mode file for STMicroelectronics.X-CUBE-MEMS1.10.0.0
2024-04-07 21:10:04,310 [WARN] PackLoader:240 - Cannot read IP mode file for STMicroelectronics.X-CUBE-FREERTOS.1.1.0
2024-04-07 21:10:04,327 [WARN] PackLoader:240 - Cannot read IP mode file for portGmbH.I-Cube-SoM-uGOAL.1.1.0
2024-04-07 21:10:04,373 [WARN] PackLoader:240 - Cannot read IP mode file for STMicroelectronics.X-CUBE-ALS.1.0.1
2024-04-07 21:10:04,490 [WARN] PackLoader:240 - Cannot read IP mode file for STMicroelectronics.X-CUBE-AZRTOS-WB.1.1.0
2024-04-07 21:10:04,572 [WARN] PackLoader:240 - Cannot read IP mode file for STMicroelectronics.FP-ATR-ASTRA1.2.0.0
2024-04-07 21:10:04,705 [INFO] WebApp:780 - Register for checkConnection events
2024-04-07 21:10:04,705 [INFO] WebApp:414 - Apply proxy settings
2024-04-07 21:10:04,705 [INFO] WebApp:499 - Chromium requires no authentication
2024-04-07 21:10:04,734 [INFO] WebApp:442 - Direct internet connection detected
2024-04-07 21:10:04,893 [WARN] PackLoader:240 - Cannot read IP mode file for STMicroelectronics.X-CUBE-TOF1.3.4.0
2024-04-07 21:10:04,938 [WARN] PackLoader:240 - Cannot read IP mode file for STMicroelectronics.X-CUBE-TOF1.3.4.1
2024-04-07 21:10:05,040 [WARN] PackLoader:240 - Cannot read IP mode file for STMicroelectronics.X-CUBE-AZRTOS-H7.3.2.0
2024-04-07 21:10:05,043 [INFO] ThirdParty:978 - Integrity check success = true
2024-04-07 21:10:05,043 [INFO] IntegrityCheckThread:100 - exiting critical section [integrity check]
2024-04-07 21:10:05,043 [INFO] IntegrityCheckThread:103 - End integrity checks thread
2024-04-07 21:10:05,143 [INFO] WebApp:192 - Starting web application
2024-04-07 21:10:05,143 [INFO] WebApp:544 - Web application path used C:\ST\STM32CubeIDE_1.14.1\STM32CubeIDE\plugins\com.st.stm32cube.common.mx_6.10.0.202311202037\db\plugins\mcufinder\reactClient1\index.html
2024-04-07 21:10:26,782 [ERROR] LogOutputStream:75 - [STDERR_REDIRECT] SLF4J: Failed to load class "org.slf4j.impl.StaticLoggerBinder".
2024-04-07 21:10:26,783 [ERROR] LogOutputStream:75 - [STDERR_REDIRECT] SLF4J: Defaulting to no-operation (NOP) logger implementation
2024-04-07 21:10:26,784 [ERROR] LogOutputStream:75 - [STDERR_REDIRECT] SLF4J: See http://www.slf4j.org/codes.html#StaticLoggerBinder for further details.
